2025-10-15 18:52:46.098 | INFO     | __main__:load_existing_data:43 - 🔄 Loading existing dataset...
2025-10-15 18:52:46.138 | INFO     | __main__:load_existing_data:47 - ✅ Loaded 8007 existing documents
2025-10-15 18:52:46.138 | INFO     | __main__:run_enhancement:935 - 🚀 Starting A-Qlegal Dataset Enhancement and Retraining
2025-10-15 18:52:46.139 | INFO     | __main__:run_enhancement:936 - ======================================================================
2025-10-15 18:52:46.139 | INFO     | __main__:run_enhancement:948 - Step 1/6: Analyzing dataset for redundancy
2025-10-15 18:52:46.140 | INFO     | __main__:detect_redundancy:53 - 🔄 Analyzing dataset for redundancy...
2025-10-15 18:52:46.169 | INFO     | __main__:detect_redundancy:73 - ✅ Found 448 exact duplicates
2025-10-15 18:52:46.170 | INFO     | __main__:detect_redundancy:76 - 🔄 Detecting near-duplicates using TF-IDF...
2025-10-15 18:52:56.446 | INFO     | __main__:detect_redundancy:98 - ✅ Found 58429 near-duplicates (similarity > 0.8)
2025-10-15 18:52:56.454 | INFO     | __main__:detect_redundancy:104 - 📊 Category distribution:
2025-10-15 18:52:56.456 | INFO     | __main__:detect_redundancy:106 -    • criminal_law_qa: 2176
2025-10-15 18:52:56.465 | INFO     | __main__:detect_redundancy:106 -    • criminal_procedure_qa: 990
2025-10-15 18:52:56.471 | INFO     | __main__:detect_redundancy:106 -    • criminal_law: 949
2025-10-15 18:52:56.473 | INFO     | __main__:detect_redundancy:106 -    • constitutional_law_qa: 741
2025-10-15 18:52:56.474 | INFO     | __main__:detect_redundancy:106 -    • fundamental_rights_qa: 670
2025-10-15 18:52:56.475 | INFO     | __main__:detect_redundancy:106 -    • evidence_law_qa: 530
2025-10-15 18:52:56.476 | INFO     | __main__:detect_redundancy:106 -    • contract_law_qa: 530
2025-10-15 18:52:56.476 | INFO     | __main__:detect_redundancy:106 -    • civil_procedure_qa: 264
2025-10-15 18:52:56.478 | INFO     | __main__:detect_redundancy:106 -    • directive_principles_qa: 197
2025-10-15 18:52:56.479 | INFO     | __main__:detect_redundancy:106 -    • criminal_procedure: 134
2025-10-15 18:52:56.481 | INFO     | __main__:detect_redundancy:106 -    • fundamental_rights: 127
2025-10-15 18:52:56.482 | INFO     | __main__:detect_redundancy:106 -    • constitutional_law: 97
2025-10-15 18:52:56.483 | INFO     | __main__:detect_redundancy:106 -    • emergency_provisions_qa: 90
2025-10-15 18:52:56.483 | INFO     | __main__:detect_redundancy:106 -    • constitutional_remedies_qa: 80
2025-10-15 18:52:56.486 | INFO     | __main__:detect_redundancy:106 -    • legal_terminology_qa: 77
2025-10-15 18:52:56.488 | INFO     | __main__:detect_redundancy:106 -    • contract_law: 73
2025-10-15 18:52:56.493 | INFO     | __main__:detect_redundancy:106 -    • evidence_law: 59
2025-10-15 18:52:56.496 | INFO     | __main__:detect_redundancy:106 -    • legal_procedures_qa: 50
2025-10-15 18:52:56.500 | INFO     | __main__:detect_redundancy:106 -    • civil_procedure: 34
2025-10-15 18:52:56.501 | INFO     | __main__:detect_redundancy:106 -    • directive_principles: 24
2025-10-15 18:52:56.504 | INFO     | __main__:detect_redundancy:106 -    • remedies_qa: 23
2025-10-15 18:52:56.507 | INFO     | __main__:detect_redundancy:106 -    • constitutional_remedies: 17
2025-10-15 18:52:56.508 | INFO     | __main__:detect_redundancy:106 -    • legal_terminology: 16
2025-10-15 18:52:56.510 | INFO     | __main__:detect_redundancy:106 -    • legal_procedures: 12
2025-10-15 18:52:56.510 | INFO     | __main__:detect_redundancy:106 -    • general: 11
2025-10-15 18:52:56.511 | INFO     | __main__:detect_redundancy:106 -    • emergency_provisions: 10
2025-10-15 18:52:56.513 | INFO     | __main__:detect_redundancy:106 -    • fundamental_duties_qa: 10
2025-10-15 18:52:56.516 | INFO     | __main__:detect_redundancy:106 -    • remedies: 6
2025-10-15 18:52:56.517 | INFO     | __main__:detect_redundancy:106 -    • general_law_qa: 5
2025-10-15 18:52:56.518 | INFO     | __main__:detect_redundancy:106 -    • general_law: 3
2025-10-15 18:52:56.523 | INFO     | __main__:detect_redundancy:106 -    • fundamental_duties: 2
2025-10-15 18:52:57.807 | INFO     | __main__:run_enhancement:950 - ✅ Redundancy analysis completed
2025-10-15 18:52:57.808 | INFO     | __main__:run_enhancement:953 - Step 2/6: Removing duplicates
2025-10-15 18:52:57.811 | INFO     | __main__:remove_duplicates:124 - 🔄 Removing duplicates from dataset...
2025-10-15 18:52:57.843 | INFO     | __main__:remove_duplicates:154 - ✅ Removed 7393 duplicate documents
2025-10-15 18:52:57.846 | INFO     | __main__:remove_duplicates:155 - ✅ Cleaned dataset: 614 documents
2025-10-15 18:52:57.876 | INFO     | __main__:run_enhancement:955 - ✅ Duplicates removed
2025-10-15 18:52:57.877 | INFO     | __main__:run_enhancement:958 - Step 3/6: Generating 10,000+ additional law documents
2025-10-15 18:52:57.877 | INFO     | __main__:generate_additional_law_documents:165 - 🔄 Generating 10,000+ additional Indian law documents...
2025-10-15 18:52:57.945 | INFO     | __main__:generate_additional_law_documents:207 - ✅ Generated 2189 additional law documents
2025-10-15 18:52:58.066 | INFO     | __main__:run_enhancement:960 - ✅ Additional documents generated
2025-10-15 18:52:58.067 | INFO     | __main__:run_enhancement:963 - Step 4/6: Merging datasets
2025-10-15 18:52:58.068 | INFO     | __main__:merge_datasets:563 - 🔄 Merging datasets...
2025-10-15 18:52:58.074 | INFO     | __main__:merge_datasets:572 - ✅ Merged dataset: 2803 total documents
2025-10-15 18:52:58.075 | INFO     | __main__:merge_datasets:573 -    • Original (cleaned): 614
2025-10-15 18:52:58.077 | INFO     | __main__:merge_datasets:574 -    • Additional: 2189
2025-10-15 18:52:58.244 | INFO     | __main__:run_enhancement:965 - ✅ Datasets merged
2025-10-15 18:52:58.247 | INFO     | __main__:run_enhancement:968 - Step 5/6: Retraining models
2025-10-15 18:52:58.248 | INFO     | __main__:retrain_models:584 - 🔄 Retraining models with enhanced dataset...
2025-10-15 18:52:58.252 | INFO     | __main__:retrain_models:590 - Training TF-IDF vectorizer...
2025-10-15 18:53:01.269 | INFO     | __main__:retrain_models:605 - ✅ TF-IDF model retrained and saved
2025-10-15 18:53:01.404 | INFO     | __main__:run_enhancement:970 - ✅ Models retrained
2025-10-15 18:53:01.405 | INFO     | __main__:run_enhancement:973 - Step 6/6: Creating enhanced app
2025-10-15 18:53:01.405 | INFO     | __main__:create_enhanced_app:618 - 🔄 Creating enhanced app with new dataset...
2025-10-15 18:53:01.406 | INFO     | __main__:create_enhanced_app:930 - ✅ Enhanced app created
2025-10-15 18:53:01.407 | INFO     | __main__:run_enhancement:975 - ✅ Enhanced app created
2025-10-15 18:53:01.407 | SUCCESS  | __main__:run_enhancement:977 - 🎉 Dataset Enhancement and Retraining Completed Successfully!
2025-10-15 18:53:01.407 | INFO     | __main__:run_enhancement:978 - 
2025-10-15 18:53:01.408 | INFO     | __main__:run_enhancement:979 - 📊 Final Statistics:
2025-10-15 18:53:01.408 | INFO     | __main__:run_enhancement:980 -    • Original documents: 2803
2025-10-15 18:53:01.408 | INFO     | __main__:run_enhancement:981 -    • Duplicates removed: 2189
2025-10-15 18:53:01.409 | INFO     | __main__:run_enhancement:982 -    • Additional documents: 2189
2025-10-15 18:53:01.410 | INFO     | __main__:run_enhancement:983 -    • Total enhanced dataset: 2803
2025-10-15 18:53:01.410 | INFO     | __main__:run_enhancement:984 - 
2025-10-15 18:53:01.411 | INFO     | __main__:run_enhancement:985 - 🚀 To run the enhanced system:
2025-10-15 18:53:01.411 | INFO     | __main__:run_enhancement:986 -    streamlit run aqlegal_enhanced_app.py
