2025-10-15 18:36:15.639 | INFO     | __main__:load_existing_data:34 - 🔄 Loading existing data...
2025-10-15 18:36:15.716 | INFO     | __main__:load_existing_data:38 - ✅ Loaded 8007 documents
2025-10-15 18:36:15.717 | INFO     | __main__:run_upgrade:944 - 🚀 Starting A-Qlegal 3.0 Advanced Intelligence Upgrade
2025-10-15 18:36:15.719 | INFO     | __main__:run_upgrade:945 - ============================================================
2025-10-15 18:36:15.722 | INFO     | __main__:run_upgrade:958 - Step 1/7: Creating knowledge graph structure
2025-10-15 18:36:15.731 | INFO     | __main__:create_knowledge_graph_structure:44 - 🔄 Creating knowledge graph structure...
2025-10-15 18:36:16.058 | INFO     | __main__:create_knowledge_graph_structure:87 - ✅ Created knowledge graph with 8007 nodes
2025-10-15 18:36:16.062 | INFO     | __main__:run_upgrade:961 - ✅ Creating knowledge graph structure completed
2025-10-15 18:36:16.064 | INFO     | __main__:run_upgrade:965 - 
2025-10-15 18:36:16.065 | INFO     | __main__:run_upgrade:958 - Step 2/7: Building fallback generation system
2025-10-15 18:36:16.065 | INFO     | __main__:create_fallback_generation_system:92 - 🔄 Creating fallback generation system...
2025-10-15 18:36:16.068 | INFO     | __main__:create_fallback_generation_system:228 - ✅ Created intelligent fallback generation system
2025-10-15 18:36:16.068 | INFO     | __main__:run_upgrade:961 - ✅ Building fallback generation system completed
2025-10-15 18:36:16.070 | INFO     | __main__:run_upgrade:965 - 
2025-10-15 18:36:16.071 | INFO     | __main__:run_upgrade:958 - Step 3/7: Setting up source attribution
2025-10-15 18:36:16.072 | INFO     | __main__:create_source_attribution_system:233 - 🔄 Creating source attribution system...
2025-10-15 18:36:16.329 | INFO     | __main__:create_source_attribution_system:255 - ✅ Created attribution system for 8007 documents
2025-10-15 18:36:16.332 | INFO     | __main__:run_upgrade:961 - ✅ Setting up source attribution completed
2025-10-15 18:36:16.336 | INFO     | __main__:run_upgrade:965 - 
2025-10-15 18:36:16.340 | INFO     | __main__:run_upgrade:958 - Step 4/7: Creating hallucination shield
2025-10-15 18:36:16.342 | INFO     | __main__:create_hallucination_shield:304 - 🔄 Creating hallucination shield...
2025-10-15 18:36:16.359 | INFO     | __main__:create_hallucination_shield:342 - ✅ Created hallucination shield
2025-10-15 18:36:16.361 | INFO     | __main__:run_upgrade:961 - ✅ Creating hallucination shield completed
2025-10-15 18:36:16.362 | INFO     | __main__:run_upgrade:965 - 
2025-10-15 18:36:16.364 | INFO     | __main__:run_upgrade:958 - Step 5/7: Expanding multilingual support
2025-10-15 18:36:16.366 | INFO     | __main__:create_multilingual_expansion:369 - 🔄 Creating multilingual expansion...
2025-10-15 18:36:16.372 | INFO     | __main__:create_multilingual_expansion:434 - ✅ Created multilingual expansion for 4 Indian languages
2025-10-15 18:36:16.375 | INFO     | __main__:run_upgrade:961 - ✅ Expanding multilingual support completed
2025-10-15 18:36:16.376 | INFO     | __main__:run_upgrade:965 - 
2025-10-15 18:36:16.379 | INFO     | __main__:run_upgrade:958 - Step 6/7: Building document analysis system
2025-10-15 18:36:16.382 | INFO     | __main__:create_document_analysis_system:439 - 🔄 Creating document analysis system...
2025-10-15 18:36:16.384 | INFO     | __main__:create_document_analysis_system:490 - ✅ Created document analysis system
2025-10-15 18:36:16.386 | INFO     | __main__:run_upgrade:961 - ✅ Building document analysis system completed
2025-10-15 18:36:16.388 | INFO     | __main__:run_upgrade:965 - 
2025-10-15 18:36:16.391 | INFO     | __main__:run_upgrade:958 - Step 7/7: Creating A-Qlegal 3.0 app
2025-10-15 18:36:16.393 | INFO     | __main__:create_advanced_v3_app:495 - 🔄 Creating A-Qlegal 3.0 app...
2025-10-15 18:36:16.395 | INFO     | __main__:create_advanced_v3_app:939 - ✅ Created A-Qlegal 3.0 advanced app
2025-10-15 18:36:16.396 | INFO     | __main__:run_upgrade:961 - ✅ Creating A-Qlegal 3.0 app completed
2025-10-15 18:36:16.398 | INFO     | __main__:run_upgrade:965 - 
2025-10-15 18:36:16.402 | SUCCESS  | __main__:run_upgrade:967 - 🎉 A-Qlegal 3.0 Upgrade Completed Successfully!
2025-10-15 18:36:16.404 | INFO     | __main__:run_upgrade:968 - 
2025-10-15 18:36:16.406 | INFO     | __main__:run_upgrade:969 - 🚀 To run A-Qlegal 3.0:
2025-10-15 18:36:16.410 | INFO     | __main__:run_upgrade:970 -    streamlit run aqlegal_v3_app.py
2025-10-15 18:36:16.414 | INFO     | __main__:run_upgrade:971 - 
2025-10-15 18:36:16.416 | INFO     | __main__:run_upgrade:972 - ✨ New Features:
2025-10-15 18:36:16.419 | INFO     | __main__:run_upgrade:973 -    • Knowledge graph reasoning
2025-10-15 18:36:16.424 | INFO     | __main__:run_upgrade:974 -    • Intelligent fallback responses
2025-10-15 18:36:16.426 | INFO     | __main__:run_upgrade:975 -    • Source attribution & confidence scores
2025-10-15 18:36:16.430 | INFO     | __main__:run_upgrade:976 -    • Hallucination prevention
2025-10-15 18:36:16.432 | INFO     | __main__:run_upgrade:977 -    • Enhanced multilingual support
2025-10-15 18:36:16.435 | INFO     | __main__:run_upgrade:978 -    • Document analysis capabilities
